Apache Maven 3.6.3 (cecedd343002696d0abb50b32b541b8a6ba2883f)
Maven home: D:\tools\maven\apache-maven-3.6.3\bin\..
Java version: 1.8.0_65, vendor: Oracle Corporation, runtime: C:\Program Files\Java\jdk1.8.0_65\jre
Default locale: fr_FR, platform encoding: Cp1252
OS name: "windows 10", version: "10.0", arch: "amd64", family: "windows"
[DEBUG] Created new class realm maven.api
[DEBUG] Importing foreign packages into class realm maven.api
[DEBUG]   Imported: javax.annotation.* < plexus.core
[DEBUG]   Imported: javax.annotation.security.* < plexus.core
[DEBUG]   Imported: javax.enterprise.inject.* < plexus.core
[DEBUG]   Imported: javax.enterprise.util.* < plexus.core
[DEBUG]   Imported: javax.inject.* < plexus.core
[DEBUG]   Imported: org.apache.maven.* < plexus.core
[DEBUG]   Imported: org.apache.maven.artifact < plexus.core
[DEBUG]   Imported: org.apache.maven.classrealm < plexus.core
[DEBUG]   Imported: org.apache.maven.cli < plexus.core
[DEBUG]   Imported: org.apache.maven.configuration < plexus.core
[DEBUG]   Imported: org.apache.maven.exception < plexus.core
[DEBUG]   Imported: org.apache.maven.execution < plexus.core
[DEBUG]   Imported: org.apache.maven.execution.scope < plexus.core
[DEBUG]   Imported: org.apache.maven.lifecycle < plexus.core
[DEBUG]   Imported: org.apache.maven.model < plexus.core
[DEBUG]   Imported: org.apache.maven.monitor < plexus.core
[DEBUG]   Imported: org.apache.maven.plugin < plexus.core
[DEBUG]   Imported: org.apache.maven.profiles < plexus.core
[DEBUG]   Imported: org.apache.maven.project < plexus.core
[DEBUG]   Imported: org.apache.maven.reporting < plexus.core
[DEBUG]   Imported: org.apache.maven.repository < plexus.core
[DEBUG]   Imported: org.apache.maven.rtinfo < plexus.core
[DEBUG]   Imported: org.apache.maven.settings < plexus.core
[DEBUG]   Imported: org.apache.maven.toolchain < plexus.core
[DEBUG]   Imported: org.apache.maven.usability < plexus.core
[DEBUG]   Imported: org.apache.maven.wagon.* < plexus.core
[DEBUG]   Imported: org.apache.maven.wagon.authentication < plexus.core
[DEBUG]   Imported: org.apache.maven.wagon.authorization < plexus.core
[DEBUG]   Imported: org.apache.maven.wagon.events < plexus.core
[DEBUG]   Imported: org.apache.maven.wagon.observers < plexus.core
[DEBUG]   Imported: org.apache.maven.wagon.proxy < plexus.core
[DEBUG]   Imported: org.apache.maven.wagon.repository < plexus.core
[DEBUG]   Imported: org.apache.maven.wagon.resource < plexus.core
[DEBUG]   Imported: org.codehaus.classworlds < plexus.core
[DEBUG]   Imported: org.codehaus.plexus.* < plexus.core
[DEBUG]   Imported: org.codehaus.plexus.classworlds < plexus.core
[DEBUG]   Imported: org.codehaus.plexus.component < plexus.core
[DEBUG]   Imported: org.codehaus.plexus.configuration < plexus.core
[DEBUG]   Imported: org.codehaus.plexus.container < plexus.core
[DEBUG]   Imported: org.codehaus.plexus.context < plexus.core
[DEBUG]   Imported: org.codehaus.plexus.lifecycle < plexus.core
[DEBUG]   Imported: org.codehaus.plexus.logging < plexus.core
[DEBUG]   Imported: org.codehaus.plexus.personality < plexus.core
[DEBUG]   Imported: org.codehaus.plexus.util.xml.Xpp3Dom < plexus.core
[DEBUG]   Imported: org.codehaus.plexus.util.xml.pull.XmlPullParser < plexus.core
[DEBUG]   Imported: org.codehaus.plexus.util.xml.pull.XmlPullParserException < plexus.core
[DEBUG]   Imported: org.codehaus.plexus.util.xml.pull.XmlSerializer < plexus.core
[DEBUG]   Imported: org.eclipse.aether.* < plexus.core
[DEBUG]   Imported: org.eclipse.aether.artifact < plexus.core
[DEBUG]   Imported: org.eclipse.aether.collection < plexus.core
[DEBUG]   Imported: org.eclipse.aether.deployment < plexus.core
[DEBUG]   Imported: org.eclipse.aether.graph < plexus.core
[DEBUG]   Imported: org.eclipse.aether.impl < plexus.core
[DEBUG]   Imported: org.eclipse.aether.installation < plexus.core
[DEBUG]   Imported: org.eclipse.aether.internal.impl < plexus.core
[DEBUG]   Imported: org.eclipse.aether.metadata < plexus.core
[DEBUG]   Imported: org.eclipse.aether.repository < plexus.core
[DEBUG]   Imported: org.eclipse.aether.resolution < plexus.core
[DEBUG]   Imported: org.eclipse.aether.spi < plexus.core
[DEBUG]   Imported: org.eclipse.aether.transfer < plexus.core
[DEBUG]   Imported: org.eclipse.aether.version < plexus.core
[DEBUG]   Imported: org.fusesource.jansi.* < plexus.core
[DEBUG]   Imported: org.slf4j.* < plexus.core
[DEBUG]   Imported: org.slf4j.event.* < plexus.core
[DEBUG]   Imported: org.slf4j.helpers.* < plexus.core
[DEBUG]   Imported: org.slf4j.spi.* < plexus.core
[DEBUG] Populating class realm maven.api
[INFO] Error stacktraces are turned on.
[DEBUG] Message scheme: color
[DEBUG] Message styles: debug info warning error success failure strong mojo project
[DEBUG] Reading global settings from D:\tools\maven\apache-maven-3.6.3\bin\..\conf\settings.xml
[DEBUG] Reading user settings from D:\tools\maven\apache-maven-3.6.3\conf\settings.xml
[DEBUG] Reading global toolchains from D:\tools\maven\apache-maven-3.6.3\bin\..\conf\toolchains.xml
[DEBUG] Reading user toolchains from d:\Profiles\hmaury\.m2\toolchains.xml
[DEBUG] Using local repository at D:\projects\prj-cnamts-psniiram\.m2\repository-cnam
[DEBUG] Using manager EnhancedLocalRepositoryManager with priority 10.0 for D:\projects\prj-cnamts-psniiram\.m2\repository-cnam
[INFO] Scanning for projects...
[DEBUG] Using mirror public (http://repo.maven.apache.org/maven2) for central (https://repo.maven.apache.org/maven2).
[DEBUG] Extension realms for project org.apache.maven:standalone-pom:pom:1: (none)
[DEBUG] Looking up lifecycle mappings for packaging pom from ClassRealm[plexus.core, parent: null]
[DEBUG] Using transporter WagonTransporter with priority -1.0 for http://repo.maven.apache.org/maven2
[DEBUG] Using connector BasicRepositoryConnector with priority 0.0 for http://repo.maven.apache.org/maven2
Downloading from public: http://repo.maven.apache.org/maven2/org/apache/maven/plugins/maven-archetype-plugin/3.1.2/maven-archetype-plugin-3.1.2.pom
[DEBUG] Writing tracking file D:\projects\prj-cnamts-psniiram\.m2\repository-cnam\org\apache\maven\plugins\maven-archetype-plugin\3.1.2\maven-archetype-plugin-3.1.2.pom.lastUpdated
[INFO] ------------------------------------------------------------------------
[INFO] BUILD FAILURE
[INFO] ------------------------------------------------------------------------
[INFO] Total time:  2.261 s
[INFO] Finished at: 2020-10-22T09:21:33+02:00
[INFO] ------------------------------------------------------------------------
[ERROR] Plugin org.apache.maven.plugins:maven-archetype-plugin:3.1.2 or one of its dependencies could not be resolved: Failed to read artifact descriptor for org.apache.maven.plugins:maven-archetype-plugin:jar:3.1.2: Could not transfer artifact org.apache.maven.plugins:maven-archetype-plugin:pom:3.1.2 from/to public (http://repo.maven.apache.org/maven2): Transfer failed for http://repo.maven.apache.org/maven2/org/apache/maven/plugins/maven-archetype-plugin/3.1.2/maven-archetype-plugin-3.1.2.pom 501 HTTPS Required -> [Help 1]
org.apache.maven.plugin.PluginResolutionException: Plugin org.apache.maven.plugins:maven-archetype-plugin:3.1.2 or one of its dependencies could not be resolved: Failed to read artifact descriptor for org.apache.maven.plugins:maven-archetype-plugin:jar:3.1.2
    at org.apache.maven.plugin.internal.DefaultPluginDependenciesResolver.resolve (DefaultPluginDependenciesResolver.java:120)
    at org.apache.maven.plugin.internal.DefaultMavenPluginManager.getPluginDescriptor (DefaultMavenPluginManager.java:182)
    at org.apache.maven.plugin.internal.DefaultMavenPluginManager.getMojoDescriptor (DefaultMavenPluginManager.java:286)
    at org.apache.maven.plugin.DefaultBuildPluginManager.getMojoDescriptor (DefaultBuildPluginManager.java:244)
    at org.apache.maven.lifecycle.internal.MojoDescriptorCreator.getMojoDescriptor (MojoDescriptorCreator.java:239)
    at org.apache.maven.lifecycle.internal.DefaultLifecycleTaskSegmentCalculator.calculateTaskSegments (DefaultLifecycleTaskSegmentCalculator.java:104)
    at org.apache.maven.lifecycle.internal.DefaultLifecycleTaskSegmentCalculator.calculateTaskSegments (DefaultLifecycleTaskSegmentCalculator.java:83)
    at org.apache.maven.lifecycle.internal.LifecycleStarter.execute (LifecycleStarter.java:89)
    at org.apache.maven.DefaultMaven.doExecute (DefaultMaven.java:305)
    at org.apache.maven.DefaultMaven.doExecute (DefaultMaven.java:192)
    at org.apache.maven.DefaultMaven.execute (DefaultMaven.java:105)
    at org.apache.maven.cli.MavenCli.execute (MavenCli.java:957)
    at org.apache.maven.cli.MavenCli.doMain (MavenCli.java:289)
    at org.apache.maven.cli.MavenCli.main (MavenCli.java:193)
    at sun.reflect.NativeMethodAccessorImpl.invoke0 (Native Method)
    at sun.reflect.NativeMethodAccessorImpl.invoke (NativeMethodAccessorImpl.java:62)
    at sun.reflect.DelegatingMethodAccessorImpl.invoke (DelegatingMethodAccessorImpl.java:43)
    at java.lang.reflect.Method.invoke (Method.java:497)
    at org.codehaus.plexus.classworlds.launcher.Launcher.launchEnhanced (Launcher.java:282)
    at org.codehaus.plexus.classworlds.launcher.Launcher.launch (Launcher.java:225)
    at org.codehaus.plexus.classworlds.launcher.Launcher.mainWithExitCode (Launcher.java:406)
    at org.codehaus.plexus.classworlds.launcher.Launcher.main (Launcher.java:347)
Caused by: org.eclipse.aether.resolution.ArtifactDescriptorException: Failed to read artifact descriptor for org.apache.maven.plugins:maven-archetype-plugin:jar:3.1.2
    at org.apache.maven.repository.internal.DefaultArtifactDescriptorReader.loadPom (DefaultArtifactDescriptorReader.java:255)
    at org.apache.maven.repository.internal.DefaultArtifactDescriptorReader.readArtifactDescriptor (DefaultArtifactDescriptorReader.java:171)
    at org.eclipse.aether.internal.impl.DefaultRepositorySystem.readArtifactDescriptor (DefaultRepositorySystem.java:255)
    at org.apache.maven.plugin.internal.DefaultPluginDependenciesResolver.resolve (DefaultPluginDependenciesResolver.java:106)
    at org.apache.maven.plugin.internal.DefaultMavenPluginManager.getPluginDescriptor (DefaultMavenPluginManager.java:182)
    at org.apache.maven.plugin.internal.DefaultMavenPluginManager.getMojoDescriptor (DefaultMavenPluginManager.java:286)
    at org.apache.maven.plugin.DefaultBuildPluginManager.getMojoDescriptor (DefaultBuildPluginManager.java:244)
    at org.apache.maven.lifecycle.internal.MojoDescriptorCreator.getMojoDescriptor (MojoDescriptorCreator.java:239)
    at org.apache.maven.lifecycle.internal.DefaultLifecycleTaskSegmentCalculator.calculateTaskSegments (DefaultLifecycleTaskSegmentCalculator.java:104)
    at org.apache.maven.lifecycle.internal.DefaultLifecycleTaskSegmentCalculator.calculateTaskSegments (DefaultLifecycleTaskSegmentCalculator.java:83)
    at org.apache.maven.lifecycle.internal.LifecycleStarter.execute (LifecycleStarter.java:89)
    at org.apache.maven.DefaultMaven.doExecute (DefaultMaven.java:305)
    at org.apache.maven.DefaultMaven.doExecute (DefaultMaven.java:192)
    at org.apache.maven.DefaultMaven.execute (DefaultMaven.java:105)
    at org.apache.maven.cli.MavenCli.execute (MavenCli.java:957)
    at org.apache.maven.cli.MavenCli.doMain (MavenCli.java:289)
    at org.apache.maven.cli.MavenCli.main (MavenCli.java:193)
    at sun.reflect.NativeMethodAccessorImpl.invoke0 (Native Method)
    at sun.reflect.NativeMethodAccessorImpl.invoke (NativeMethodAccessorImpl.java:62)
    at sun.reflect.DelegatingMethodAccessorImpl.invoke (DelegatingMethodAccessorImpl.java:43)
    at java.lang.reflect.Method.invoke (Method.java:497)
    at org.codehaus.plexus.classworlds.launcher.Launcher.launchEnhanced (Launcher.java:282)
    at org.codehaus.plexus.classworlds.launcher.Launcher.launch (Launcher.java:225)
    at org.codehaus.plexus.classworlds.launcher.Launcher.mainWithExitCode (Launcher.java:406)
    at org.codehaus.plexus.classworlds.launcher.Launcher.main (Launcher.java:347)
Caused by: org.eclipse.aether.resolution.ArtifactResolutionException: Could not transfer artifact org.apache.maven.plugins:maven-archetype-plugin:pom:3.1.2 from/to public (http://repo.maven.apache.org/maven2): Transfer failed for http://repo.maven.apache.org/maven2/org/apache/maven/plugins/maven-archetype-plugin/3.1.2/maven-archetype-plugin-3.1.2.pom 501 HTTPS Required
    at org.eclipse.aether.internal.impl.DefaultArtifactResolver.resolve (DefaultArtifactResolver.java:424)
    at org.eclipse.aether.internal.impl.DefaultArtifactResolver.resolveArtifacts (DefaultArtifactResolver.java:229)
    at org.eclipse.aether.internal.impl.DefaultArtifactResolver.resolveArtifact (DefaultArtifactResolver.java:207)
    at org.apache.maven.repository.internal.DefaultArtifactDescriptorReader.loadPom (DefaultArtifactDescriptorReader.java:240)
    at org.apache.maven.repository.internal.DefaultArtifactDescriptorReader.readArtifactDescriptor (DefaultArtifactDescriptorReader.java:171)
    at org.eclipse.aether.internal.impl.DefaultRepositorySystem.readArtifactDescriptor (DefaultRepositorySystem.java:255)
    at org.apache.maven.plugin.internal.DefaultPluginDependenciesResolver.resolve (DefaultPluginDependenciesResolver.java:106)
    at org.apache.maven.plugin.internal.DefaultMavenPluginManager.getPluginDescriptor (DefaultMavenPluginManager.java:182)
    at org.apache.maven.plugin.internal.DefaultMavenPluginManager.getMojoDescriptor (DefaultMavenPluginManager.java:286)
    at org.apache.maven.plugin.DefaultBuildPluginManager.getMojoDescriptor (DefaultBuildPluginManager.java:244)
    at org.apache.maven.lifecycle.internal.MojoDescriptorCreator.getMojoDescriptor (MojoDescriptorCreator.java:239)
    at org.apache.maven.lifecycle.internal.DefaultLifecycleTaskSegmentCalculator.calculateTaskSegments (DefaultLifecycleTaskSegmentCalculator.java:104)
    at org.apache.maven.lifecycle.internal.DefaultLifecycleTaskSegmentCalculator.calculateTaskSegments (DefaultLifecycleTaskSegmentCalculator.java:83)
    at org.apache.maven.lifecycle.internal.LifecycleStarter.execute (LifecycleStarter.java:89)
    at org.apache.maven.DefaultMaven.doExecute (DefaultMaven.java:305)
    at org.apache.maven.DefaultMaven.doExecute (DefaultMaven.java:192)
    at org.apache.maven.DefaultMaven.execute (DefaultMaven.java:105)
    at org.apache.maven.cli.MavenCli.execute (MavenCli.java:957)
    at org.apache.maven.cli.MavenCli.doMain (MavenCli.java:289)
    at org.apache.maven.cli.MavenCli.main (MavenCli.java:193)
    at sun.reflect.NativeMethodAccessorImpl.invoke0 (Native Method)
    at sun.reflect.NativeMethodAccessorImpl.invoke (NativeMethodAccessorImpl.java:62)
    at sun.reflect.DelegatingMethodAccessorImpl.invoke (DelegatingMethodAccessorImpl.java:43)
    at java.lang.reflect.Method.invoke (Method.java:497)
    at org.codehaus.plexus.classworlds.launcher.Launcher.launchEnhanced (Launcher.java:282)
    at org.codehaus.plexus.classworlds.launcher.Launcher.launch (Launcher.java:225)
    at org.codehaus.plexus.classworlds.launcher.Launcher.mainWithExitCode (Launcher.java:406)
    at org.codehaus.plexus.classworlds.launcher.Launcher.main (Launcher.java:347)
Caused by: org.eclipse.aether.transfer.ArtifactTransferException: Could not transfer artifact org.apache.maven.plugins:maven-archetype-plugin:pom:3.1.2 from/to public (http://repo.maven.apache.org/maven2): Transfer failed for http://repo.maven.apache.org/maven2/org/apache/maven/plugins/maven-archetype-plugin/3.1.2/maven-archetype-plugin-3.1.2.pom 501 HTTPS Required
    at org.eclipse.aether.connector.basic.ArtifactTransportListener.transferFailed (ArtifactTransportListener.java:52)
    at org.eclipse.aether.connector.basic.BasicRepositoryConnector$TaskRunner.run (BasicRepositoryConnector.java:369)
    at org.eclipse.aether.util.concurrency.RunnableErrorForwarder$1.run (RunnableErrorForwarder.java:75)
    at org.eclipse.aether.connector.basic.BasicRepositoryConnector$DirectExecutor.execute (BasicRepositoryConnector.java:644)
    at org.eclipse.aether.connector.basic.BasicRepositoryConnector.get (BasicRepositoryConnector.java:262)
    at org.eclipse.aether.internal.impl.DefaultArtifactResolver.performDownloads (DefaultArtifactResolver.java:499)
    at org.eclipse.aether.internal.impl.DefaultArtifactResolver.resolve (DefaultArtifactResolver.java:401)
    at org.eclipse.aether.internal.impl.DefaultArtifactResolver.resolveArtifacts (DefaultArtifactResolver.java:229)
    at org.eclipse.aether.internal.impl.DefaultArtifactResolver.resolveArtifact (DefaultArtifactResolver.java:207)
    at org.apache.maven.repository.internal.DefaultArtifactDescriptorReader.loadPom (DefaultArtifactDescriptorReader.java:240)
    at org.apache.maven.repository.internal.DefaultArtifactDescriptorReader.readArtifactDescriptor (DefaultArtifactDescriptorReader.java:171)
    at org.eclipse.aether.internal.impl.DefaultRepositorySystem.readArtifactDescriptor (DefaultRepositorySystem.java:255)
    at org.apache.maven.plugin.internal.DefaultPluginDependenciesResolver.resolve (DefaultPluginDependenciesResolver.java:106)
    at org.apache.maven.plugin.internal.DefaultMavenPluginManager.getPluginDescriptor (DefaultMavenPluginManager.java:182)
    at org.apache.maven.plugin.internal.DefaultMavenPluginManager.getMojoDescriptor (DefaultMavenPluginManager.java:286)
    at org.apache.maven.plugin.DefaultBuildPluginManager.getMojoDescriptor (DefaultBuildPluginManager.java:244)
    at org.apache.maven.lifecycle.internal.MojoDescriptorCreator.getMojoDescriptor (MojoDescriptorCreator.java:239)
    at org.apache.maven.lifecycle.internal.DefaultLifecycleTaskSegmentCalculator.calculateTaskSegments (DefaultLifecycleTaskSegmentCalculator.java:104)
    at org.apache.maven.lifecycle.internal.DefaultLifecycleTaskSegmentCalculator.calculateTaskSegments (DefaultLifecycleTaskSegmentCalculator.java:83)
    at org.apache.maven.lifecycle.internal.LifecycleStarter.execute (LifecycleStarter.java:89)
    at org.apache.maven.DefaultMaven.doExecute (DefaultMaven.java:305)
    at org.apache.maven.DefaultMaven.doExecute (DefaultMaven.java:192)
    at org.apache.maven.DefaultMaven.execute (DefaultMaven.java:105)
    at org.apache.maven.cli.MavenCli.execute (MavenCli.java:957)
    at org.apache.maven.cli.MavenCli.doMain (MavenCli.java:289)
    at org.apache.maven.cli.MavenCli.main (MavenCli.java:193)
    at sun.reflect.NativeMethodAccessorImpl.invoke0 (Native Method)
    at sun.reflect.NativeMethodAccessorImpl.invoke (NativeMethodAccessorImpl.java:62)
    at sun.reflect.DelegatingMethodAccessorImpl.invoke (DelegatingMethodAccessorImpl.java:43)
    at java.lang.reflect.Method.invoke (Method.java:497)
    at org.codehaus.plexus.classworlds.launcher.Launcher.launchEnhanced (Launcher.java:282)
    at org.codehaus.plexus.classworlds.launcher.Launcher.launch (Launcher.java:225)
    at org.codehaus.plexus.classworlds.launcher.Launcher.mainWithExitCode (Launcher.java:406)
    at org.codehaus.plexus.classworlds.launcher.Launcher.main (Launcher.java:347)
Caused by: org.apache.maven.wagon.TransferFailedException: Transfer failed for http://repo.maven.apache.org/maven2/org/apache/maven/plugins/maven-archetype-plugin/3.1.2/maven-archetype-plugin-3.1.2.pom 501 HTTPS Required
    at org.apache.maven.wagon.providers.http.wagon.shared.AbstractHttpClientWagon.fillInputData (AbstractHttpClientWagon.java:1196)
    at org.apache.maven.wagon.providers.http.wagon.shared.AbstractHttpClientWagon.fillInputData (AbstractHttpClientWagon.java:1138)
    at org.apache.maven.wagon.StreamWagon.getInputStream (StreamWagon.java:126)
    at org.apache.maven.wagon.StreamWagon.getIfNewer (StreamWagon.java:88)
    at org.apache.maven.wagon.StreamWagon.get (StreamWagon.java:61)
    at org.eclipse.aether.transport.wagon.WagonTransporter$GetTaskRunner.run (WagonTransporter.java:567)
    at org.eclipse.aether.transport.wagon.WagonTransporter.execute (WagonTransporter.java:435)
    at org.eclipse.aether.transport.wagon.WagonTransporter.get (WagonTransporter.java:412)
    at org.eclipse.aether.connector.basic.BasicRepositoryConnector$GetTaskRunner.runTask (BasicRepositoryConnector.java:457)
    at org.eclipse.aether.connector.basic.BasicRepositoryConnector$TaskRunner.run (BasicRepositoryConnector.java:364)
    at org.eclipse.aether.util.concurrency.RunnableErrorForwarder$1.run (RunnableErrorForwarder.java:75)
    at org.eclipse.aether.connector.basic.BasicRepositoryConnector$DirectExecutor.execute (BasicRepositoryConnector.java:644)
    at org.eclipse.aether.connector.basic.BasicRepositoryConnector.get (BasicRepositoryConnector.java:262)
    at org.eclipse.aether.internal.impl.DefaultArtifactResolver.performDownloads (DefaultArtifactResolver.java:499)
    at org.eclipse.aether.internal.impl.DefaultArtifactResolver.resolve (DefaultArtifactResolver.java:401)
    at org.eclipse.aether.internal.impl.DefaultArtifactResolver.resolveArtifacts (DefaultArtifactResolver.java:229)
    at org.eclipse.aether.internal.impl.DefaultArtifactResolver.resolveArtifact (DefaultArtifactResolver.java:207)
    at org.apache.maven.repository.internal.DefaultArtifactDescriptorReader.loadPom (DefaultArtifactDescriptorReader.java:240)
    at org.apache.maven.repository.internal.DefaultArtifactDescriptorReader.readArtifactDescriptor (DefaultArtifactDescriptorReader.java:171)
    at org.eclipse.aether.internal.impl.DefaultRepositorySystem.readArtifactDescriptor (DefaultRepositorySystem.java:255)
    at org.apache.maven.plugin.internal.DefaultPluginDependenciesResolver.resolve (DefaultPluginDependenciesResolver.java:106)
    at org.apache.maven.plugin.internal.DefaultMavenPluginManager.getPluginDescriptor (DefaultMavenPluginManager.java:182)
    at org.apache.maven.plugin.internal.DefaultMavenPluginManager.getMojoDescriptor (DefaultMavenPluginManager.java:286)
    at org.apache.maven.plugin.DefaultBuildPluginManager.getMojoDescriptor (DefaultBuildPluginManager.java:244)
    at org.apache.maven.lifecycle.internal.MojoDescriptorCreator.getMojoDescriptor (MojoDescriptorCreator.java:239)
    at org.apache.maven.lifecycle.internal.DefaultLifecycleTaskSegmentCalculator.calculateTaskSegments (DefaultLifecycleTaskSegmentCalculator.java:104)
    at org.apache.maven.lifecycle.internal.DefaultLifecycleTaskSegmentCalculator.calculateTaskSegments (DefaultLifecycleTaskSegmentCalculator.java:83)
    at org.apache.maven.lifecycle.internal.LifecycleStarter.execute (LifecycleStarter.java:89)
    at org.apache.maven.DefaultMaven.doExecute (DefaultMaven.java:305)
    at org.apache.maven.DefaultMaven.doExecute (DefaultMaven.java:192)
    at org.apache.maven.DefaultMaven.execute (DefaultMaven.java:105)
    at org.apache.maven.cli.MavenCli.execute (MavenCli.java:957)
    at org.apache.maven.cli.MavenCli.doMain (MavenCli.java:289)
    at org.apache.maven.cli.MavenCli.main (MavenCli.java:193)
    at sun.reflect.NativeMethodAccessorImpl.invoke0 (Native Method)
    at sun.reflect.NativeMethodAccessorImpl.invoke (NativeMethodAccessorImpl.java:62)
    at sun.reflect.DelegatingMethodAccessorImpl.invoke (DelegatingMethodAccessorImpl.java:43)
    at java.lang.reflect.Method.invoke (Method.java:497)
    at org.codehaus.plexus.classworlds.launcher.Launcher.launchEnhanced (Launcher.java:282)
    at org.codehaus.plexus.classworlds.launcher.Launcher.launch (Launcher.java:225)
    at org.codehaus.plexus.classworlds.launcher.Launcher.mainWithExitCode (Launcher.java:406)
    at org.codehaus.plexus.classworlds.launcher.Launcher.main (Launcher.java:347)
[ERROR] 
[ERROR] 
[ERROR] For more information about the errors and possible solutions, please read the following articles:
[ERROR] [Help 1] http://cwiki.apache.org/confluence/display/MAVEN/PluginResolutionException
