[1mApache Maven 3.6.0[m
Maven home: /usr/share/maven
Java version: 11.0.8, vendor: Ubuntu, runtime: /usr/lib/jvm/java-11-openjdk-amd64
Default locale: en, platform encoding: UTF-8
OS name: "linux", version: "4.4.0-18362-microsoft", arch: "amd64", family: "unix"
[[1;36mDEBUG[m] Created new class realm maven.api
[[1;36mDEBUG[m] Importing foreign packages into class realm maven.api
[[1;36mDEBUG[m]   Imported: javax.annotation.* < plexus.core
[[1;36mDEBUG[m]   Imported: javax.annotation.security.* < plexus.core
[[1;36mDEBUG[m]   Imported: javax.enterprise.inject.* < plexus.core
[[1;36mDEBUG[m]   Imported: javax.enterprise.util.* < plexus.core
[[1;36mDEBUG[m]   Imported: javax.inject.* < plexus.core
[[1;36mDEBUG[m]   Imported: org.apache.maven.* < plexus.core
[[1;36mDEBUG[m]   Imported: org.apache.maven.artifact < plexus.core
[[1;36mDEBUG[m]   Imported: org.apache.maven.classrealm < plexus.core
[[1;36mDEBUG[m]   Imported: org.apache.maven.cli < plexus.core
[[1;36mDEBUG[m]   Imported: org.apache.maven.configuration < plexus.core
[[1;36mDEBUG[m]   Imported: org.apache.maven.exception < plexus.core
[[1;36mDEBUG[m]   Imported: org.apache.maven.execution < plexus.core
[[1;36mDEBUG[m]   Imported: org.apache.maven.execution.scope < plexus.core
[[1;36mDEBUG[m]   Imported: org.apache.maven.lifecycle < plexus.core
[[1;36mDEBUG[m]   Imported: org.apache.maven.model < plexus.core
[[1;36mDEBUG[m]   Imported: org.apache.maven.monitor < plexus.core
[[1;36mDEBUG[m]   Imported: org.apache.maven.plugin < plexus.core
[[1;36mDEBUG[m]   Imported: org.apache.maven.profiles < plexus.core
[[1;36mDEBUG[m]   Imported: org.apache.maven.project < plexus.core
[[1;36mDEBUG[m]   Imported: org.apache.maven.reporting < plexus.core
[[1;36mDEBUG[m]   Imported: org.apache.maven.repository < plexus.core
[[1;36mDEBUG[m]   Imported: org.apache.maven.rtinfo < plexus.core
[[1;36mDEBUG[m]   Imported: org.apache.maven.settings < plexus.core
[[1;36mDEBUG[m]   Imported: org.apache.maven.toolchain < plexus.core
[[1;36mDEBUG[m]   Imported: org.apache.maven.usability < plexus.core
[[1;36mDEBUG[m]   Imported: org.apache.maven.wagon.* < plexus.core
[[1;36mDEBUG[m]   Imported: org.apache.maven.wagon.authentication < plexus.core
[[1;36mDEBUG[m]   Imported: org.apache.maven.wagon.authorization < plexus.core
[[1;36mDEBUG[m]   Imported: org.apache.maven.wagon.events < plexus.core
[[1;36mDEBUG[m]   Imported: org.apache.maven.wagon.observers < plexus.core
[[1;36mDEBUG[m]   Imported: org.apache.maven.wagon.proxy < plexus.core
[[1;36mDEBUG[m]   Imported: org.apache.maven.wagon.repository < plexus.core
[[1;36mDEBUG[m]   Imported: org.apache.maven.wagon.resource < plexus.core
[[1;36mDEBUG[m]   Imported: org.codehaus.classworlds < plexus.core
[[1;36mDEBUG[m]   Imported: org.codehaus.plexus.* < plexus.core
[[1;36mDEBUG[m]   Imported: org.codehaus.plexus.classworlds < plexus.core
[[1;36mDEBUG[m]   Imported: org.codehaus.plexus.component < plexus.core
[[1;36mDEBUG[m]   Imported: org.codehaus.plexus.configuration < plexus.core
[[1;36mDEBUG[m]   Imported: org.codehaus.plexus.container < plexus.core
[[1;36mDEBUG[m]   Imported: org.codehaus.plexus.context < plexus.core
[[1;36mDEBUG[m]   Imported: org.codehaus.plexus.lifecycle < plexus.core
[[1;36mDEBUG[m]   Imported: org.codehaus.plexus.logging < plexus.core
[[1;36mDEBUG[m]   Imported: org.codehaus.plexus.personality < plexus.core
[[1;36mDEBUG[m]   Imported: org.codehaus.plexus.util.xml.Xpp3Dom < plexus.core
[[1;36mDEBUG[m]   Imported: org.codehaus.plexus.util.xml.pull.XmlPullParser < plexus.core
[[1;36mDEBUG[m]   Imported: org.codehaus.plexus.util.xml.pull.XmlPullParserException < plexus.core
[[1;36mDEBUG[m]   Imported: org.codehaus.plexus.util.xml.pull.XmlSerializer < plexus.core
[[1;36mDEBUG[m]   Imported: org.eclipse.aether.* < plexus.core
[[1;36mDEBUG[m]   Imported: org.eclipse.aether.artifact < plexus.core
[[1;36mDEBUG[m]   Imported: org.eclipse.aether.collection < plexus.core
[[1;36mDEBUG[m]   Imported: org.eclipse.aether.deployment < plexus.core
[[1;36mDEBUG[m]   Imported: org.eclipse.aether.graph < plexus.core
[[1;36mDEBUG[m]   Imported: org.eclipse.aether.impl < plexus.core
[[1;36mDEBUG[m]   Imported: org.eclipse.aether.installation < plexus.core
[[1;36mDEBUG[m]   Imported: org.eclipse.aether.internal.impl < plexus.core
[[1;36mDEBUG[m]   Imported: org.eclipse.aether.metadata < plexus.core
[[1;36mDEBUG[m]   Imported: org.eclipse.aether.repository < plexus.core
[[1;36mDEBUG[m]   Imported: org.eclipse.aether.resolution < plexus.core
[[1;36mDEBUG[m]   Imported: org.eclipse.aether.spi < plexus.core
[[1;36mDEBUG[m]   Imported: org.eclipse.aether.transfer < plexus.core
[[1;36mDEBUG[m]   Imported: org.eclipse.aether.version < plexus.core
[[1;36mDEBUG[m]   Imported: org.fusesource.jansi.* < plexus.core
[[1;36mDEBUG[m]   Imported: org.slf4j.* < plexus.core
[[1;36mDEBUG[m]   Imported: org.slf4j.helpers.* < plexus.core
[[1;36mDEBUG[m]   Imported: org.slf4j.spi.* < plexus.core
[[1;36mDEBUG[m] Populating class realm maven.api
[[1;34mINFO[m] Error stacktraces are turned on.
[[1;36mDEBUG[m] Message scheme: color
[[1;36mDEBUG[m] Message styles: [1;36mdebug[m [1;34minfo[m [1;33mwarning[m [1;31merror[m [1;32msuccess[m [1;31mfailure[m [1mstrong[m [32mmojo[m [36mproject[m
[[1;36mDEBUG[m] Reading global settings from /usr/share/maven/conf/settings.xml
[[1;36mDEBUG[m] Reading user settings from /home/hmaury/.m2/settings.xml
[[1;36mDEBUG[m] Reading global toolchains from /usr/share/maven/conf/toolchains.xml
[[1;36mDEBUG[m] Reading user toolchains from /home/hmaury/.m2/toolchains.xml
[[1;36mDEBUG[m] Using local repository at /home/hmaury/.m2/repository
[[1;36mDEBUG[m] Using manager EnhancedLocalRepositoryManager with priority 10.0 for /home/hmaury/.m2/repository
[[1;34mINFO[m] Scanning for projects...
[[1;36mDEBUG[m] Extension realms for project org.apache.maven:standalone-pom:pom:1: (none)
[[1;36mDEBUG[m] Looking up lifecycle mappings for packaging pom from ClassRealm[plexus.core, parent: null]
[[1;36mDEBUG[m] === REACTOR BUILD PLAN ================================================
[[1;36mDEBUG[m] Project: org.apache.maven:standalone-pom:pom:1
[[1;36mDEBUG[m] Tasks:   [org.apache.maven.plugins:maven-archetype-plugin:3.1.2:generate]
[[1;36mDEBUG[m] Style:   Aggregating
[[1;36mDEBUG[m] =======================================================================
[[1;34mINFO[m] 
[[1;34mINFO[m] [1m------------------< [0;36morg.apache.maven:standalone-pom[0;1m >-------------------[m
[[1;34mINFO[m] [1mBuilding Maven Stub Project (No POM) 1[m
[[1;34mINFO[m] [1m--------------------------------[ pom ]---------------------------------[m
[[1;36mDEBUG[m] Lifecycle default -> [validate, initialize, generate-sources, process-sources, generate-resources, process-resources, compile, process-classes, generate-test-sources, process-test-sources, generate-test-resources, process-test-resources, test-compile, process-test-classes, test, prepare-package, package, pre-integration-test, integration-test, post-integration-test, verify, install, deploy]
[[1;36mDEBUG[m] Lifecycle clean -> [pre-clean, clean, post-clean]
[[1;36mDEBUG[m] Lifecycle site -> [pre-site, site, post-site, site-deploy]
[[1;36mDEBUG[m] Lifecycle default -> [validate, initialize, generate-sources, process-sources, generate-resources, process-resources, compile, process-classes, generate-test-sources, process-test-sources, generate-test-resources, process-test-resources, test-compile, process-test-classes, test, prepare-package, package, pre-integration-test, integration-test, post-integration-test, verify, install, deploy]
[[1;36mDEBUG[m] Lifecycle clean -> [pre-clean, clean, post-clean]
[[1;36mDEBUG[m] Lifecycle site -> [pre-site, site, post-site, site-deploy]
[[1;36mDEBUG[m] === PROJECT BUILD PLAN ================================================
[[1;36mDEBUG[m] Project:       org.apache.maven:standalone-pom:1
[[1;36mDEBUG[m] Dependencies (collect): []
[[1;36mDEBUG[m] Dependencies (resolve): []
[[1;36mDEBUG[m] Repositories (dependencies): [central (https://repo.maven.apache.org/maven2, default, releases)]
[[1;36mDEBUG[m] Repositories (plugins)     : [central (https://repo.maven.apache.org/maven2, default, releases)]
[[1;36mDEBUG[m] --- init fork of org.apache.maven:standalone-pom:1 for org.apache.maven.plugins:maven-archetype-plugin:3.1.2:generate (default-cli) ---
[[1;36mDEBUG[m] Dependencies (collect): []
[[1;36mDEBUG[m] Dependencies (resolve): []
[[1;36mDEBUG[m] --- exit fork of org.apache.maven:standalone-pom:1 for org.apache.maven.plugins:maven-archetype-plugin:3.1.2:generate (default-cli) ---
[[1;36mDEBUG[m] -----------------------------------------------------------------------
[[1;36mDEBUG[m] Goal:          org.apache.maven.plugins:maven-archetype-plugin:3.1.2:generate (default-cli)
[[1;36mDEBUG[m] Style:         Regular
[[1;36mDEBUG[m] Configuration: <?xml version="1.0" encoding="UTF-8"?>
<configuration>
  <archetypeArtifactId>${archetypeArtifactId}</archetypeArtifactId>
  <archetypeCatalog default-value="remote,local">${archetypeCatalog}</archetypeCatalog>
  <archetypeGroupId>${archetypeGroupId}</archetypeGroupId>
  <archetypeVersion>${archetypeVersion}</archetypeVersion>
  <filter>${filter}</filter>
  <goals>${goals}</goals>
  <interactiveMode default-value="${settings.interactiveMode}">${interactiveMode}</interactiveMode>
  <localRepository default-value="${localRepository}"/>
  <outputDirectory default-value="${basedir}">${outputDirectory}</outputDirectory>
  <remoteArtifactRepositories default-value="${project.remoteArtifactRepositories}"/>
  <session default-value="${session}"/>
</configuration>
[[1;36mDEBUG[m] =======================================================================
[[1;34mINFO[m] 
[[1;34mINFO[m] [1m>>> [0;32mmaven-archetype-plugin:3.1.2:generate[m [1m(default-cli)[0;1m > [0;1mgenerate-sources[m @ [36mstandalone-pom[0;1m >>>[m
[[1;34mINFO[m] 
[[1;34mINFO[m] [1m<<< [0;32mmaven-archetype-plugin:3.1.2:generate[m [1m(default-cli)[0;1m < [0;1mgenerate-sources[m @ [36mstandalone-pom[0;1m <<<[m
[[1;34mINFO[m] 
[[1;34mINFO[m] 
[[1;34mINFO[m] [1m--- [0;32mmaven-archetype-plugin:3.1.2:generate[m [1m(default-cli)[m @ [36mstandalone-pom[0;1m ---[m
[[1;36mDEBUG[m] Dependency collection stats: {ConflictMarker.analyzeTime=3056600, ConflictMarker.markTime=558800, ConflictMarker.nodeCount=124, ConflictIdSorter.graphTime=1879400, ConflictIdSorter.topsortTime=1763900, ConflictIdSorter.conflictIdCount=52, ConflictIdSorter.conflictIdCycleCount=0, ConflictResolver.totalTime=15013300, ConflictResolver.conflictItemCount=112, DefaultDependencyCollector.collectTime=1112579500, DefaultDependencyCollector.transformTime=29213200}
[[1;36mDEBUG[m] org.apache.maven.plugins:maven-archetype-plugin:jar:3.1.2:
[[1;36mDEBUG[m]    org.apache.maven.archetype:archetype-catalog:jar:3.1.2:compile
[[1;36mDEBUG[m]    org.apache.maven.archetype:archetype-descriptor:jar:3.1.2:compile
[[1;36mDEBUG[m]    org.apache.maven.archetype:archetype-common:jar:3.1.2:compile
[[1;36mDEBUG[m]       org.codehaus.groovy:groovy:jar:2.4.16:compile
[[1;36mDEBUG[m]       org.apache.ivy:ivy:jar:2.4.0:runtime
[[1;36mDEBUG[m]       net.sourceforge.jchardet:jchardet:jar:1.0:compile
[[1;36mDEBUG[m]       org.codehaus.plexus:plexus-component-annotations:jar:1.7.1:compile
[[1;36mDEBUG[m]       jdom:jdom:jar:1.0:compile
[[1;36mDEBUG[m]       org.apache.maven:maven-artifact:jar:3.0:compile
[[1;36mDEBUG[m]       org.apache.maven:maven-settings-builder:jar:3.0:compile
[[1;36mDEBUG[m]       commons-io:commons-io:jar:2.2:compile
[[1;36mDEBUG[m]       org.codehaus.plexus:plexus-velocity:jar:1.1.8:compile
[[1;36mDEBUG[m]       org.apache.velocity:velocity:jar:1.7:compile
[[1;36mDEBUG[m]          commons-lang:commons-lang:jar:2.4:compile
[[1;36mDEBUG[m]       org.apache.maven.wagon:wagon-provider-api:jar:3.3.3:compile
[[1;36mDEBUG[m]    org.codehaus.plexus:plexus-utils:jar:3.2.0:compile
[[1;36mDEBUG[m]    org.codehaus.plexus:plexus-interactivity-api:jar:1.0-alpha-6:compile
[[1;36mDEBUG[m]    org.apache.maven:maven-plugin-api:jar:3.0:compile
[[1;36mDEBUG[m]       org.sonatype.sisu:sisu-inject-plexus:jar:1.4.2:compile
[[1;36mDEBUG[m]          org.sonatype.sisu:sisu-inject-bean:jar:1.4.2:compile
[[1;36mDEBUG[m]             org.sonatype.sisu:sisu-guice:jar:noaop:2.1.7:compile
[[1;36mDEBUG[m]    org.apache.maven:maven-core:jar:3.0:compile
[[1;36mDEBUG[m]       org.apache.maven:maven-repository-metadata:jar:3.0:compile
[[1;36mDEBUG[m]       org.apache.maven:maven-model-builder:jar:3.0:compile
[[1;36mDEBUG[m]       org.apache.maven:maven-aether-provider:jar:3.0:runtime
[[1;36mDEBUG[m]       org.sonatype.aether:aether-impl:jar:1.7:compile
[[1;36mDEBUG[m]          org.sonatype.aether:aether-spi:jar:1.7:compile
[[1;36mDEBUG[m]       org.sonatype.aether:aether-api:jar:1.7:compile
[[1;36mDEBUG[m]       org.sonatype.aether:aether-util:jar:1.7:compile
[[1;36mDEBUG[m]       org.codehaus.plexus:plexus-interpolation:jar:1.14:compile
[[1;36mDEBUG[m]       org.codehaus.plexus:plexus-classworlds:jar:2.2.3:compile
[[1;36mDEBUG[m]       org.sonatype.plexus:plexus-sec-dispatcher:jar:1.3:compile
[[1;36mDEBUG[m]          org.sonatype.plexus:plexus-cipher:jar:1.4:compile
[[1;36mDEBUG[m]    org.apache.maven:maven-model:jar:3.0:compile
[[1;36mDEBUG[m]    org.apache.maven:maven-settings:jar:3.0:compile
[[1;36mDEBUG[m]    org.apache.maven.shared:maven-invoker:jar:3.0.1:compile
[[1;36mDEBUG[m]       org.apache.maven.shared:maven-shared-utils:jar:3.2.1:compile
[[1;36mDEBUG[m]    org.apache.maven.shared:maven-artifact-transfer:jar:0.11.0:compile
[[1;36mDEBUG[m]       org.apache.maven.shared:maven-common-artifact-filters:jar:3.0.1:compile
[[1;36mDEBUG[m]       commons-codec:commons-codec:jar:1.11:compile
[[1;36mDEBUG[m]       org.slf4j:slf4j-api:jar:1.7.5:compile
[[1;36mDEBUG[m]    commons-collections:commons-collections:jar:3.2.1:compile
[[1;36mDEBUG[m]    org.apache.maven.shared:maven-script-interpreter:jar:1.0:compile
[[1;36mDEBUG[m]       org.beanshell:bsh:jar:2.0b4:compile
[[1;36mDEBUG[m]       org.apache.ant:ant:jar:1.8.1:compile
[[1;36mDEBUG[m] Created new class realm plugin>org.apache.maven.plugins:maven-archetype-plugin:3.1.2
[[1;36mDEBUG[m] Importing foreign packages into class realm plugin>org.apache.maven.plugins:maven-archetype-plugin:3.1.2
[[1;36mDEBUG[m]   Imported:  < maven.api
[[1;36mDEBUG[m] Populating class realm plugin>org.apache.maven.plugins:maven-archetype-plugin:3.1.2
[[1;36mDEBUG[m]   Included: org.apache.maven.plugins:maven-archetype-plugin:jar:3.1.2
[[1;36mDEBUG[m]   Included: org.apache.maven.archetype:archetype-catalog:jar:3.1.2
[[1;36mDEBUG[m]   Included: org.apache.maven.archetype:archetype-descriptor:jar:3.1.2
[[1;36mDEBUG[m]   Included: org.apache.maven.archetype:archetype-common:jar:3.1.2
[[1;36mDEBUG[m]   Included: org.codehaus.groovy:groovy:jar:2.4.16
[[1;36mDEBUG[m]   Included: org.apache.ivy:ivy:jar:2.4.0
[[1;36mDEBUG[m]   Included: net.sourceforge.jchardet:jchardet:jar:1.0
[[1;36mDEBUG[m]   Included: org.codehaus.plexus:plexus-component-annotations:jar:1.7.1
[[1;36mDEBUG[m]   Included: jdom:jdom:jar:1.0
[[1;36mDEBUG[m]   Included: commons-io:commons-io:jar:2.2
[[1;36mDEBUG[m]   Included: org.codehaus.plexus:plexus-velocity:jar:1.1.8
[[1;36mDEBUG[m]   Included: org.apache.velocity:velocity:jar:1.7
[[1;36mDEBUG[m]   Included: commons-lang:commons-lang:jar:2.4
[[1;36mDEBUG[m]   Included: org.codehaus.plexus:plexus-utils:jar:3.2.0
[[1;36mDEBUG[m]   Included: org.codehaus.plexus:plexus-interactivity-api:jar:1.0-alpha-6
[[1;36mDEBUG[m]   Included: org.sonatype.sisu:sisu-inject-bean:jar:1.4.2
[[1;36mDEBUG[m]   Included: org.sonatype.sisu:sisu-guice:jar:noaop:2.1.7
[[1;36mDEBUG[m]   Included: org.sonatype.aether:aether-util:jar:1.7
[[1;36mDEBUG[m]   Included: org.codehaus.plexus:plexus-interpolation:jar:1.14
[[1;36mDEBUG[m]   Included: org.sonatype.plexus:plexus-sec-dispatcher:jar:1.3
[[1;36mDEBUG[m]   Included: org.sonatype.plexus:plexus-cipher:jar:1.4
[[1;36mDEBUG[m]   Included: org.apache.maven.shared:maven-invoker:jar:3.0.1
[[1;36mDEBUG[m]   Included: org.apache.maven.shared:maven-shared-utils:jar:3.2.1
[[1;36mDEBUG[m]   Included: org.apache.maven.shared:maven-artifact-transfer:jar:0.11.0
[[1;36mDEBUG[m]   Included: org.apache.maven.shared:maven-common-artifact-filters:jar:3.0.1
[[1;36mDEBUG[m]   Included: commons-codec:commons-codec:jar:1.11
[[1;36mDEBUG[m]   Included: commons-collections:commons-collections:jar:3.2.1
[[1;36mDEBUG[m]   Included: org.apache.maven.shared:maven-script-interpreter:jar:1.0
[[1;36mDEBUG[m]   Included: org.beanshell:bsh:jar:2.0b4
[[1;36mDEBUG[m]   Included: org.apache.ant:ant:jar:1.8.1
[[1;36mDEBUG[m] Configuring mojo org.apache.maven.plugins:maven-archetype-plugin:3.1.2:generate from plugin realm ClassRealm[plugin>org.apache.maven.plugins:maven-archetype-plugin:3.1.2, parent: jdk.internal.loader.ClassLoaders$AppClassLoader@55054057]
[[1;36mDEBUG[m] Setting property: classpath.resource.loader.class => 'org.codehaus.plexus.velocity.ContextClassLoaderResourceLoader'.
[[1;36mDEBUG[m] Setting property: site.resource.loader.class => 'org.codehaus.plexus.velocity.SiteResourceLoader'.
[[1;36mDEBUG[m] Setting property: velocimacro.messages.on => 'false'.
[[1;36mDEBUG[m] Setting property: runtime.log.invalid.references => 'false'.
[[1;36mDEBUG[m] Setting property: resource.loader => 'classpath,site'.
[[1;36mDEBUG[m] Setting property: resource.manager.logwhenfound => 'false'.
[[1;36mDEBUG[m] Initializing Velocity, Calling init()...
[[1;36mDEBUG[m] *******************************************************************
[[1;36mDEBUG[m] Starting Apache Velocity v1.7 (compiled: 2010-11-19 12:14:37)
[[1;36mDEBUG[m] RuntimeInstance initializing.
[[1;36mDEBUG[m] Default Properties File: org/apache/velocity/runtime/defaults/velocity.properties
[[1;36mDEBUG[m] LogSystem has been deprecated. Please use a LogChute implementation.
[[1;36mDEBUG[m] Default ResourceManager initializing. (class org.apache.velocity.runtime.resource.ResourceManagerImpl)
[[1;36mDEBUG[m] ResourceLoader instantiated: org.codehaus.plexus.velocity.ContextClassLoaderResourceLoader
[[1;36mDEBUG[m] ResourceLoader instantiated: org.codehaus.plexus.velocity.SiteResourceLoader
[[1;36mDEBUG[m] ResourceCache: initialized (class org.apache.velocity.runtime.resource.ResourceCacheImpl) with class java.util.Collections$SynchronizedMap cache map.
[[1;36mDEBUG[m] Default ResourceManager initialization complete.
[[1;36mDEBUG[m] Loaded System Directive: org.apache.velocity.runtime.directive.Stop
[[1;36mDEBUG[m] Loaded System Directive: org.apache.velocity.runtime.directive.Define
[[1;36mDEBUG[m] Loaded System Directive: org.apache.velocity.runtime.directive.Break
[[1;36mDEBUG[m] Loaded System Directive: org.apache.velocity.runtime.directive.Evaluate
[[1;36mDEBUG[m] Loaded System Directive: org.apache.velocity.runtime.directive.Literal
[[1;36mDEBUG[m] Loaded System Directive: org.apache.velocity.runtime.directive.Macro
[[1;36mDEBUG[m] Loaded System Directive: org.apache.velocity.runtime.directive.Parse
[[1;36mDEBUG[m] Loaded System Directive: org.apache.velocity.runtime.directive.Include
[[1;36mDEBUG[m] Loaded System Directive: org.apache.velocity.runtime.directive.Foreach
[[1;36mDEBUG[m] Created '20' parsers.
[[1;36mDEBUG[m] Velocimacro : initialization starting.
[[1;36mDEBUG[m] Velocimacro : allowInline = true : VMs can be defined inline in templates
[[1;36mDEBUG[m] Velocimacro : allowInlineToOverride = false : VMs defined inline may NOT replace previous VM definitions
[[1;36mDEBUG[m] Velocimacro : allowInlineLocal = false : VMs defined inline will be global in scope if allowed.
[[1;36mDEBUG[m] Velocimacro : autoload off : VM system will not automatically reload global library macros
[[1;36mDEBUG[m] Velocimacro : Velocimacro : initialization complete.
[[1;36mDEBUG[m] RuntimeInstance successfully initialized.
[[1;36mDEBUG[m] Configuring mojo 'org.apache.maven.plugins:maven-archetype-plugin:3.1.2:generate' with basic configurator -->
[[1;36mDEBUG[m]   (f) archetypeArtifactId = angular-spring-archetype
[[1;36mDEBUG[m]   (f) archetypeCatalog = remote,local
[[1;36mDEBUG[m]   (f) archetypeGroupId = uk.co.solong
[[1;36mDEBUG[m]   (f) archetypeVersion = 0.0.6
[[1;36mDEBUG[m]   (f) interactiveMode = true
[[1;36mDEBUG[m]   (f) localRepository =       id: local
      url: file:///home/hmaury/.m2/repository/
   layout: default
snapshots: [enabled => true, update => always]
 releases: [enabled => true, update => always]

[[1;36mDEBUG[m]   (f) outputDirectory = /mnt/d/projects/prj-cnamts-psniiram/workspaces/ADUS/API_Spring_VSCode
[[1;36mDEBUG[m]   (f) remoteArtifactRepositories = [      id: central
      url: https://repo.maven.apache.org/maven2
   layout: default
snapshots: [enabled => false, update => daily]
 releases: [enabled => true, update => daily]
]
[[1;36mDEBUG[m]   (f) session = org.apache.maven.execution.MavenSession@5e746d37
[[1;36mDEBUG[m] -- end configuration --
[[1;34mINFO[m] Generating project in Interactive mode
[[1;36mDEBUG[m] Searching for remote catalog: https://repo.maven.apache.org/maven2/archetype-catalog.xml
[[1;36mDEBUG[m] Using catalog /home/hmaury/.m2/repository/archetype-catalog.xml
[[1;34mINFO[m] Archetype repository not defined. Using the one from [uk.co.solong:angular-spring-archetype:0.0.6] found in catalog remote
[[1;36mDEBUG[m] Not found archetype uk.co.solong:angular-spring-archetype:0.0.6 in cache
[[1;36mDEBUG[m] Using transporter WagonTransporter with priority -1.0 for https://repo.maven.apache.org/maven2
[[1;36mDEBUG[m] Using connector BasicRepositoryConnector with priority 0.0 for https://repo.maven.apache.org/maven2
Downloading from central: https://repo.maven.apache.org/maven2/uk/co/solong/angular-spring-archetype/0.0.6/angular-spring-archetype-0.0.6.pom
Progress (1): angular-spring-archetype-0.0.6.pom (4.1/5.8 kB)Progress (1): angular-spring-archetype-0.0.6.pom (5.8 kB)                                                             Downloaded from central: https://repo.maven.apache.org/maven2/uk/co/solong/angular-spring-archetype/0.0.6/angular-spring-archetype-0.0.6.pom (5.8 kB at 14 kB/s)
[[1;36mDEBUG[m] Writing tracking file /home/hmaury/.m2/repository/uk/co/solong/angular-spring-archetype/0.0.6/_remote.repositories
[[1;36mDEBUG[m] Writing tracking file /home/hmaury/.m2/repository/uk/co/solong/angular-spring-archetype/0.0.6/angular-spring-archetype-0.0.6.pom.lastUpdated
[[1;36mDEBUG[m] Using transporter WagonTransporter with priority -1.0 for https://repo.maven.apache.org/maven2
[[1;36mDEBUG[m] Using connector BasicRepositoryConnector with priority 0.0 for https://repo.maven.apache.org/maven2
Downloading from central: https://repo.maven.apache.org/maven2/uk/co/solong/angular-spring-archetype/0.0.6/angular-spring-archetype-0.0.6.jar
Progress (1): angular-spring-archetype-0.0.6.jar (4.1/12 kB)Progress (1): angular-spring-archetype-0.0.6.jar (8.2/12 kB)Progress (1): angular-spring-archetype-0.0.6.jar (12/12 kB) Progress (1): angular-spring-archetype-0.0.6.jar (12 kB)                                                           Downloaded from central: https://repo.maven.apache.org/maven2/uk/co/solong/angular-spring-archetype/0.0.6/angular-spring-archetype-0.0.6.jar (12 kB at 26 kB/s)
[[1;36mDEBUG[m] Writing tracking file /home/hmaury/.m2/repository/uk/co/solong/angular-spring-archetype/0.0.6/_remote.repositories
[[1;36mDEBUG[m] Writing tracking file /home/hmaury/.m2/repository/uk/co/solong/angular-spring-archetype/0.0.6/angular-spring-archetype-0.0.6.jar.lastUpdated
[[1;36mDEBUG[m] Found archetype uk.co.solong:angular-spring-archetype:0.0.6 in cache: /home/hmaury/.m2/repository/uk/co/solong/angular-spring-archetype/0.0.6/angular-spring-archetype-0.0.6.jar
[[1;36mDEBUG[m] checking fileset archetype status on /home/hmaury/.m2/repository/uk/co/solong/angular-spring-archetype/0.0.6/angular-spring-archetype-0.0.6.jar
[[1;36mDEBUG[m] Searching for META-INF/maven/archetype-metadata.xml inside /home/hmaury/.m2/repository/uk/co/solong/angular-spring-archetype/0.0.6/angular-spring-archetype-0.0.6.jar
[[1;36mDEBUG[m]   - META-INF/
[[1;36mDEBUG[m]   - META-INF/MANIFEST.MF
[[1;36mDEBUG[m]   - archetype-resources/
[[1;36mDEBUG[m]   - archetype-resources/__rootArtifactId__-core/
[[1;36mDEBUG[m]   - archetype-resources/__rootArtifactId__-core/src/
[[1;36mDEBUG[m]   - archetype-resources/__rootArtifactId__-core/src/main/
[[1;36mDEBUG[m]   - archetype-resources/__rootArtifactId__-core/src/main/java/
[[1;36mDEBUG[m]   - archetype-resources/__rootArtifactId__-core/src/main/java/core/
[[1;36mDEBUG[m]   - archetype-resources/__rootArtifactId__-core/src/test/
[[1;36mDEBUG[m]   - archetype-resources/__rootArtifactId__-core/src/test/java/
[[1;36mDEBUG[m]   - archetype-resources/__rootArtifactId__-core/src/test/java/core/
[[1;36mDEBUG[m]   - archetype-resources/__rootArtifactId__-web/
[[1;36mDEBUG[m]   - archetype-resources/__rootArtifactId__-web/src/
[[1;36mDEBUG[m]   - archetype-resources/__rootArtifactId__-web/src/deb/
[[1;36mDEBUG[m]   - archetype-resources/__rootArtifactId__-web/src/deb/control/
[[1;36mDEBUG[m]   - archetype-resources/__rootArtifactId__-web/src/deb/init.d/
[[1;36mDEBUG[m]   - archetype-resources/__rootArtifactId__-web/src/deb/upstart/
[[1;36mDEBUG[m]   - archetype-resources/__rootArtifactId__-web/src/main/
[[1;36mDEBUG[m]   - archetype-resources/__rootArtifactId__-web/src/main/java/
[[1;36mDEBUG[m]   - archetype-resources/__rootArtifactId__-web/src/main/java/web/
[[1;36mDEBUG[m]   - archetype-resources/__rootArtifactId__-web/src/test/
[[1;36mDEBUG[m]   - archetype-resources/__rootArtifactId__-web/src/test/java/
[[1;36mDEBUG[m]   - archetype-resources/__rootArtifactId__-web/src/test/java/web/
[[1;36mDEBUG[m]   - META-INF/maven/
[[1;36mDEBUG[m]   - AngularSpringArchetype.class
[[1;36mDEBUG[m]   - archetype-resources/pom.xml
[[1;36mDEBUG[m]   - archetype-resources/__rootArtifactId__-core/pom.xml
[[1;36mDEBUG[m]   - archetype-resources/__rootArtifactId__-core/src/main/java/core/package-info.java
[[1;36mDEBUG[m]   - archetype-resources/__rootArtifactId__-core/src/test/java/core/package-info.java
[[1;36mDEBUG[m]   - archetype-resources/__rootArtifactId__-web/pom.xml
[[1;36mDEBUG[m]   - archetype-resources/__rootArtifactId__-web/src/deb/control/control
[[1;36mDEBUG[m]   - archetype-resources/__rootArtifactId__-web/src/deb/control/postinst
[[1;36mDEBUG[m]   - archetype-resources/__rootArtifactId__-web/src/deb/control/postrm
[[1;36mDEBUG[m]   - archetype-resources/__rootArtifactId__-web/src/deb/control/preinst
[[1;36mDEBUG[m]   - archetype-resources/__rootArtifactId__-web/src/deb/control/prerm
[[1;36mDEBUG[m]   - archetype-resources/__rootArtifactId__-web/src/deb/init.d/myservice
[[1;36mDEBUG[m]   - archetype-resources/__rootArtifactId__-web/src/deb/upstart/__rootArtifactId__-web.conf
[[1;36mDEBUG[m]   - archetype-resources/__rootArtifactId__-web/src/main/java/web/package-info.java
[[1;36mDEBUG[m]   - archetype-resources/__rootArtifactId__-web/src/test/java/web/package-info.java
[[1;36mDEBUG[m]   - META-INF/maven/archetype-metadata.xml
[[1;36mDEBUG[m] Entry found
[[1;36mDEBUG[m] Found archetype uk.co.solong:angular-spring-archetype:0.0.6 in cache: /home/hmaury/.m2/repository/uk/co/solong/angular-spring-archetype/0.0.6/angular-spring-archetype-0.0.6.jar
[[1;36mDEBUG[m] Searching for META-INF/maven/archetype-metadata.xml inside /home/hmaury/.m2/repository/uk/co/solong/angular-spring-archetype/0.0.6/angular-spring-archetype-0.0.6.jar
[[1;36mDEBUG[m]   - META-INF/
[[1;36mDEBUG[m]   - META-INF/MANIFEST.MF
[[1;36mDEBUG[m]   - archetype-resources/
[[1;36mDEBUG[m]   - archetype-resources/__rootArtifactId__-core/
[[1;36mDEBUG[m]   - archetype-resources/__rootArtifactId__-core/src/
[[1;36mDEBUG[m]   - archetype-resources/__rootArtifactId__-core/src/main/
[[1;36mDEBUG[m]   - archetype-resources/__rootArtifactId__-core/src/main/java/
[[1;36mDEBUG[m]   - archetype-resources/__rootArtifactId__-core/src/main/java/core/
[[1;36mDEBUG[m]   - archetype-resources/__rootArtifactId__-core/src/test/
[[1;36mDEBUG[m]   - archetype-resources/__rootArtifactId__-core/src/test/java/
[[1;36mDEBUG[m]   - archetype-resources/__rootArtifactId__-core/src/test/java/core/
[[1;36mDEBUG[m]   - archetype-resources/__rootArtifactId__-web/
[[1;36mDEBUG[m]   - archetype-resources/__rootArtifactId__-web/src/
[[1;36mDEBUG[m]   - archetype-resources/__rootArtifactId__-web/src/deb/
[[1;36mDEBUG[m]   - archetype-resources/__rootArtifactId__-web/src/deb/control/
[[1;36mDEBUG[m]   - archetype-resources/__rootArtifactId__-web/src/deb/init.d/
[[1;36mDEBUG[m]   - archetype-resources/__rootArtifactId__-web/src/deb/upstart/
[[1;36mDEBUG[m]   - archetype-resources/__rootArtifactId__-web/src/main/
[[1;36mDEBUG[m]   - archetype-resources/__rootArtifactId__-web/src/main/java/
[[1;36mDEBUG[m]   - archetype-resources/__rootArtifactId__-web/src/main/java/web/
[[1;36mDEBUG[m]   - archetype-resources/__rootArtifactId__-web/src/test/
[[1;36mDEBUG[m]   - archetype-resources/__rootArtifactId__-web/src/test/java/
[[1;36mDEBUG[m]   - archetype-resources/__rootArtifactId__-web/src/test/java/web/
[[1;36mDEBUG[m]   - META-INF/maven/
[[1;36mDEBUG[m]   - AngularSpringArchetype.class
[[1;36mDEBUG[m]   - archetype-resources/pom.xml
[[1;36mDEBUG[m]   - archetype-resources/__rootArtifactId__-core/pom.xml
[[1;36mDEBUG[m]   - archetype-resources/__rootArtifactId__-core/src/main/java/core/package-info.java
[[1;36mDEBUG[m]   - archetype-resources/__rootArtifactId__-core/src/test/java/core/package-info.java
[[1;36mDEBUG[m]   - archetype-resources/__rootArtifactId__-web/pom.xml
[[1;36mDEBUG[m]   - archetype-resources/__rootArtifactId__-web/src/deb/control/control
[[1;36mDEBUG[m]   - archetype-resources/__rootArtifactId__-web/src/deb/control/postinst
[[1;36mDEBUG[m]   - archetype-resources/__rootArtifactId__-web/src/deb/control/postrm
[[1;36mDEBUG[m]   - archetype-resources/__rootArtifactId__-web/src/deb/control/preinst
[[1;36mDEBUG[m]   - archetype-resources/__rootArtifactId__-web/src/deb/control/prerm
[[1;36mDEBUG[m]   - archetype-resources/__rootArtifactId__-web/src/deb/init.d/myservice
[[1;36mDEBUG[m]   - archetype-resources/__rootArtifactId__-web/src/deb/upstart/__rootArtifactId__-web.conf
[[1;36mDEBUG[m]   - archetype-resources/__rootArtifactId__-web/src/main/java/web/package-info.java
[[1;36mDEBUG[m]   - archetype-resources/__rootArtifactId__-web/src/test/java/web/package-info.java
[[1;36mDEBUG[m]   - META-INF/maven/archetype-metadata.xml
[[1;36mDEBUG[m] Entry found
[[1;36mDEBUG[m] Creating ArchetypeConfiguration from fileset descriptor and Properties
[[1;36mDEBUG[m] Adding requiredProperty groupId
[[1;36mDEBUG[m] Setting property groupId=null
[[1;36mDEBUG[m] Adding requiredProperty artifactId
[[1;36mDEBUG[m] Setting property artifactId=null
[[1;36mDEBUG[m] Adding requiredProperty version
[[1;36mDEBUG[m] Setting property version=null
[[1;36mDEBUG[m] Adding requiredProperty package
[[1;36mDEBUG[m] Setting property package=null
[[1;36mDEBUG[m] Required properties before content sort: [groupId, artifactId, version, package]
[[1;36mDEBUG[m] Required properties after content sort: [groupId, artifactId, version, package]
Define value for property 'groupId': Define value for property 'artifactId': Define value for property 'version' 1.0-SNAPSHOT: : Define value for property 'package' : : [[1;33mWARNING[m] Archetype is not fully configured
[[1;36mDEBUG[m] Required properties before content sort: [groupId, artifactId, version, package]
[[1;36mDEBUG[m] Required properties after content sort: [groupId, artifactId, version, package]
Define value for property 'groupId': Define value for property 'artifactId': 